Compiling the C compiler identification source file "CMakeCCompilerId.c" failed.
Compiler: /data/user/0/com.n0n3m4.droidc/files/gcc/bin/aarch64-linux-android-gcc -Wl,--no-undefined;-shared
Build flags: 
Id flags:  

The output was:
1
CANNOT LINK EXECUTABLE "/data/data/com.n0n3m4.droidc/files/gcc/bin/../lib/gcc/aarch64-linux-android/10.2.0/../../../../aarch64-linux-android/bin/ld": library "libbfd-2.35.so" not found
collect2: error: ld returned 1 exit status


Compiling the CXX compiler identification source file "CMakeCXXCompilerId.cpp" failed.
Compiler: /data/user/0/com.n0n3m4.droidc/files/gcc/bin/aarch64-linux-android-g++ -Wl,--no-undefined;-shared
Build flags: 
Id flags:  

The output was:
1
CANNOT LINK EXECUTABLE "/data/data/com.n0n3m4.droidc/files/gcc/bin/../lib/gcc/aarch64-linux-android/10.2.0/../../../../aarch64-linux-android/bin/ld": library "libbfd-2.35.so" not found
collect2: error: ld returned 1 exit status


Determining if the C compiler works failed with the following output:
Change Dir: /storage/emulated/0/Code/代码整理/C4droid代码/myGithub/Game/SFML/multifile/pong/CMakeFiles/CMakeTmp

Run Build Command(s):/data/user/0/com.n0n3m4.droidc/files/gcc/bin/make cmTC_d51da/fast && /data/user/0/com.n0n3m4.droidc/files/gcc/bin/make  -f CMakeFiles/cmTC_d51da.dir/build.make CMakeFiles/cmTC_d51da.dir/build
make[1]: Entering directory '/storage/emulated/0/Code/代码整理/C4droid代码/myGithub/Game/SFML/multifile/pong/CMakeFiles/CMakeTmp'
Building C object CMakeFiles/cmTC_d51da.dir/testCCompiler.c.o
/data/user/0/com.n0n3m4.droidc/files/gcc/bin/aarch64-linux-android-gcc   -Wl,--no-undefined -shared    -o CMakeFiles/cmTC_d51da.dir/testCCompiler.c.o   -c /storage/emulated/0/Code/代码整理/C4droid代码/myGithub/Game/SFML/multifile/pong/CMakeFiles/CMakeTmp/testCCompiler.c
Linking C executable cmTC_d51da
/data/data/com.n0n3m4.droidc/files/gcc/aarch64-linux-android/bin/cmake -E cmake_link_script CMakeFiles/cmTC_d51da.dir/link.txt --verbose=1
/data/user/0/com.n0n3m4.droidc/files/gcc/bin/aarch64-linux-android-gcc   -Wl,--no-undefined -shared      -rdynamic CMakeFiles/cmTC_d51da.dir/testCCompiler.c.o  -o cmTC_d51da 
CANNOT LINK EXECUTABLE "/data/data/com.n0n3m4.droidc/files/gcc/bin/../lib/gcc/aarch64-linux-android/10.2.0/../../../../aarch64-linux-android/bin/ld": library "libbfd-2.35.so" not found
collect2: error: ld returned 1 exit status
CMakeFiles/cmTC_d51da.dir/build.make:105: recipe for target 'cmTC_d51da' failed
make[1]: *** [cmTC_d51da] Error 1
make[1]: Leaving directory '/storage/emulated/0/Code/代码整理/C4droid代码/myGithub/Game/SFML/multifile/pong/CMakeFiles/CMakeTmp'
Makefile:140: recipe for target 'cmTC_d51da/fast' failed
make: *** [cmTC_d51da/fast] Error 2



Compiling the C compiler identification source file "CMakeCCompilerId.c" failed.
Compiler: /data/user/0/com.n0n3m4.droidc/files/gcc/bin/aarch64-linux-android-gcc -Wl,--no-undefined;-shared
Build flags: 
Id flags:  

The output was:
1
CANNOT LINK EXECUTABLE "/data/data/com.n0n3m4.droidc/files/gcc/bin/../lib/gcc/aarch64-linux-android/10.2.0/../../../../aarch64-linux-android/bin/ld": library "libbfd-2.35.so" not found
collect2: error: ld returned 1 exit status


Compiling the CXX compiler identification source file "CMakeCXXCompilerId.cpp" failed.
Compiler: /data/user/0/com.n0n3m4.droidc/files/gcc/bin/aarch64-linux-android-g++ -Wl,--no-undefined;-shared
Build flags: 
Id flags:  

The output was:
1
CANNOT LINK EXECUTABLE "/data/data/com.n0n3m4.droidc/files/gcc/bin/../lib/gcc/aarch64-linux-android/10.2.0/../../../../aarch64-linux-android/bin/ld": library "libbfd-2.35.so" not found
collect2: error: ld returned 1 exit status


Determining if the C compiler works failed with the following output:
Change Dir: /storage/emulated/0/Code/代码整理/C4droid代码/myGithub/Game/SFML/multifile/pong/CMakeFiles/CMakeTmp

Run Build Command(s):/data/user/0/com.n0n3m4.droidc/files/gcc/bin/make cmTC_0eed4/fast && /data/user/0/com.n0n3m4.droidc/files/gcc/bin/make  -f CMakeFiles/cmTC_0eed4.dir/build.make CMakeFiles/cmTC_0eed4.dir/build
make[1]: Entering directory '/storage/emulated/0/Code/代码整理/C4droid代码/myGithub/Game/SFML/multifile/pong/CMakeFiles/CMakeTmp'
Building C object CMakeFiles/cmTC_0eed4.dir/testCCompiler.c.o
/data/user/0/com.n0n3m4.droidc/files/gcc/bin/aarch64-linux-android-gcc   -Wl,--no-undefined -shared    -o CMakeFiles/cmTC_0eed4.dir/testCCompiler.c.o   -c /storage/emulated/0/Code/代码整理/C4droid代码/myGithub/Game/SFML/multifile/pong/CMakeFiles/CMakeTmp/testCCompiler.c
Linking C executable cmTC_0eed4
/data/data/com.n0n3m4.droidc/files/gcc/aarch64-linux-android/bin/cmake -E cmake_link_script CMakeFiles/cmTC_0eed4.dir/link.txt --verbose=1
/data/user/0/com.n0n3m4.droidc/files/gcc/bin/aarch64-linux-android-gcc   -Wl,--no-undefined -shared      -rdynamic CMakeFiles/cmTC_0eed4.dir/testCCompiler.c.o  -o cmTC_0eed4 
CANNOT LINK EXECUTABLE "/data/data/com.n0n3m4.droidc/files/gcc/bin/../lib/gcc/aarch64-linux-android/10.2.0/../../../../aarch64-linux-android/bin/ld": library "libbfd-2.35.so" not found
collect2: error: ld returned 1 exit status
CMakeFiles/cmTC_0eed4.dir/build.make:105: recipe for target 'cmTC_0eed4' failed
make[1]: *** [cmTC_0eed4] Error 1
make[1]: Leaving directory '/storage/emulated/0/Code/代码整理/C4droid代码/myGithub/Game/SFML/multifile/pong/CMakeFiles/CMakeTmp'
Makefile:140: recipe for target 'cmTC_0eed4/fast' failed
make: *** [cmTC_0eed4/fast] Error 2



Compiling the C compiler identification source file "CMakeCCompilerId.c" failed.
Compiler: /data/user/0/com.n0n3m4.droidc/files/gcc/bin/aarch64-linux-android-gcc -Wl,--no-undefined;-shared
Build flags: 
Id flags:  

The output was:
1
CANNOT LINK EXECUTABLE "/data/data/com.n0n3m4.droidc/files/gcc/bin/../lib/gcc/aarch64-linux-android/10.2.0/../../../../aarch64-linux-android/bin/ld": library "libbfd-2.35.so" not found
collect2: error: ld returned 1 exit status


Compiling the CXX compiler identification source file "CMakeCXXCompilerId.cpp" failed.
Compiler: /data/user/0/com.n0n3m4.droidc/files/gcc/bin/aarch64-linux-android-g++ -Wl,--no-undefined;-shared
Build flags: 
Id flags:  

The output was:
1
CANNOT LINK EXECUTABLE "/data/data/com.n0n3m4.droidc/files/gcc/bin/../lib/gcc/aarch64-linux-android/10.2.0/../../../../aarch64-linux-android/bin/ld": library "libbfd-2.35.so" not found
collect2: error: ld returned 1 exit status


Determining if the C compiler works failed with the following output:
Change Dir: /storage/emulated/0/Code/代码整理/C4droid代码/myGithub/Game/SFML/multifile/pong/CMakeFiles/CMakeTmp

Run Build Command(s):/data/user/0/com.n0n3m4.droidc/files/gcc/bin/make cmTC_7246d/fast && /data/user/0/com.n0n3m4.droidc/files/gcc/bin/make  -f CMakeFiles/cmTC_7246d.dir/build.make CMakeFiles/cmTC_7246d.dir/build
make[1]: Entering directory '/storage/emulated/0/Code/代码整理/C4droid代码/myGithub/Game/SFML/multifile/pong/CMakeFiles/CMakeTmp'
Building C object CMakeFiles/cmTC_7246d.dir/testCCompiler.c.o
/data/user/0/com.n0n3m4.droidc/files/gcc/bin/aarch64-linux-android-gcc   -Wl,--no-undefined -shared    -o CMakeFiles/cmTC_7246d.dir/testCCompiler.c.o   -c /storage/emulated/0/Code/代码整理/C4droid代码/myGithub/Game/SFML/multifile/pong/CMakeFiles/CMakeTmp/testCCompiler.c
Linking C executable cmTC_7246d
/data/data/com.n0n3m4.droidc/files/gcc/aarch64-linux-android/bin/cmake -E cmake_link_script CMakeFiles/cmTC_7246d.dir/link.txt --verbose=1
/data/user/0/com.n0n3m4.droidc/files/gcc/bin/aarch64-linux-android-gcc   -Wl,--no-undefined -shared      -rdynamic CMakeFiles/cmTC_7246d.dir/testCCompiler.c.o  -o cmTC_7246d 
CANNOT LINK EXECUTABLE "/data/data/com.n0n3m4.droidc/files/gcc/bin/../lib/gcc/aarch64-linux-android/10.2.0/../../../../aarch64-linux-android/bin/ld": library "libbfd-2.35.so" not found
collect2: error: ld returned 1 exit status
CMakeFiles/cmTC_7246d.dir/build.make:105: recipe for target 'cmTC_7246d' failed
make[1]: *** [cmTC_7246d] Error 1
make[1]: Leaving directory '/storage/emulated/0/Code/代码整理/C4droid代码/myGithub/Game/SFML/multifile/pong/CMakeFiles/CMakeTmp'
Makefile:140: recipe for target 'cmTC_7246d/fast' failed
make: *** [cmTC_7246d/fast] Error 2



Compiling the C compiler identification source file "CMakeCCompilerId.c" failed.
Compiler: /data/user/0/com.n0n3m4.droidc/files/gcc/bin/aarch64-linux-android-gcc -Wl,--no-undefined;-shared
Build flags: 
Id flags:  

The output was:
1
CANNOT LINK EXECUTABLE "/data/data/com.n0n3m4.droidc/files/gcc/bin/../lib/gcc/aarch64-linux-android/10.2.0/../../../../aarch64-linux-android/bin/ld": library "libbfd-2.35.so" not found
collect2: error: ld returned 1 exit status


Compiling the CXX compiler identification source file "CMakeCXXCompilerId.cpp" failed.
Compiler: /data/user/0/com.n0n3m4.droidc/files/gcc/bin/aarch64-linux-android-g++ -Wl,--no-undefined;-shared
Build flags: 
Id flags:  

The output was:
1
CANNOT LINK EXECUTABLE "/data/data/com.n0n3m4.droidc/files/gcc/bin/../lib/gcc/aarch64-linux-android/10.2.0/../../../../aarch64-linux-android/bin/ld": library "libbfd-2.35.so" not found
collect2: error: ld returned 1 exit status


Determining if the C compiler works failed with the following output:
Change Dir: /storage/emulated/0/Code/代码整理/C4droid代码/myGithub/Game/SFML/multifile/pong/CMakeFiles/CMakeTmp

Run Build Command(s):/data/user/0/com.n0n3m4.droidc/files/gcc/bin/make cmTC_4601c/fast && /data/user/0/com.n0n3m4.droidc/files/gcc/bin/make  -f CMakeFiles/cmTC_4601c.dir/build.make CMakeFiles/cmTC_4601c.dir/build
make[1]: Entering directory '/storage/emulated/0/Code/代码整理/C4droid代码/myGithub/Game/SFML/multifile/pong/CMakeFiles/CMakeTmp'
Building C object CMakeFiles/cmTC_4601c.dir/testCCompiler.c.o
/data/user/0/com.n0n3m4.droidc/files/gcc/bin/aarch64-linux-android-gcc   -Wl,--no-undefined -shared    -o CMakeFiles/cmTC_4601c.dir/testCCompiler.c.o   -c /storage/emulated/0/Code/代码整理/C4droid代码/myGithub/Game/SFML/multifile/pong/CMakeFiles/CMakeTmp/testCCompiler.c
Linking C executable cmTC_4601c
/data/data/com.n0n3m4.droidc/files/gcc/aarch64-linux-android/bin/cmake -E cmake_link_script CMakeFiles/cmTC_4601c.dir/link.txt --verbose=1
/data/user/0/com.n0n3m4.droidc/files/gcc/bin/aarch64-linux-android-gcc   -Wl,--no-undefined -shared      -rdynamic CMakeFiles/cmTC_4601c.dir/testCCompiler.c.o  -o cmTC_4601c 
CANNOT LINK EXECUTABLE "/data/data/com.n0n3m4.droidc/files/gcc/bin/../lib/gcc/aarch64-linux-android/10.2.0/../../../../aarch64-linux-android/bin/ld": library "libbfd-2.35.so" not found
collect2: error: ld returned 1 exit status
CMakeFiles/cmTC_4601c.dir/build.make:105: recipe for target 'cmTC_4601c' failed
make[1]: *** [cmTC_4601c] Error 1
make[1]: Leaving directory '/storage/emulated/0/Code/代码整理/C4droid代码/myGithub/Game/SFML/multifile/pong/CMakeFiles/CMakeTmp'
Makefile:140: recipe for target 'cmTC_4601c/fast' failed
make: *** [cmTC_4601c/fast] Error 2



